Arguments: 
  /home/mmckeaveney/.nvm/versions/node/v14.13.0/bin/node /home/mmckeaveney/.nvm/versions/node/v14.13.0/bin/yarn publish

PATH: 
  /home/mmckeaveney/.pyenv/shims:/home/mmckeaveney/.nvm/versions/node/v14.13.0/bin:/home/mmckeaveney/.pyenv/shims:/home/mmckeaveney/.cargo/bin:/home/mmckeaveney/.cargo/bin:/usr/local/sbin:/usr/local/bin:/usr/sbin:/usr/bin:/sbin:/bin:/usr/games:/usr/local/games:/snap/bin:/home/mmckeaveney/.rvm/bin:/home/mmckeaveney/.pyenv/bin:/usr/local/bin:/home/mmckeaveney/scripts:/home/mmckeaveney/Library/Android/sdk/platform-tools:/home/mmckeaveney/.deno/bin:/home/mmckeaveney/.cargo/env:/usr/local/go/bin:/home/mmckeaveney/.rvm/bin:/home/mmckeaveney/.pyenv/bin:/usr/local/bin:/home/mmckeaveney/scripts:/home/mmckeaveney/Library/Android/sdk/platform-tools:/home/mmckeaveney/.deno/bin:/home/mmckeaveney/.cargo/env:/usr/local/go/bin

Yarn version: 
  1.22.10

Node version: 
  14.13.0

Platform: 
  linux x64

Trace: 
  SyntaxError: /home/mmckeaveney/Development/personal/rhetorician/package.json: Unexpected token } in JSON at position 179
      at JSON.parse (<anonymous>)
      at /home/mmckeaveney/.nvm/versions/node/v14.13.0/lib/node_modules/yarn/lib/cli.js:1625:59
      at Generator.next (<anonymous>)
      at step (/home/mmckeaveney/.nvm/versions/node/v14.13.0/lib/node_modules/yarn/lib/cli.js:310:30)
      at /home/mmckeaveney/.nvm/versions/node/v14.13.0/lib/node_modules/yarn/lib/cli.js:321:13

npm manifest: 
  {
    "name": "svelte-app",
    "version": "1.0.0",
    "main": "dist/rhetorician.js",
    "scripts": {
      "build": "rollup -c",
      "dev": "rollup -c -w",
      "start": "sirv public",
    },
    "devDependencies": {
      "@rollup/plugin-commonjs": "^16.0.0",
      "@rollup/plugin-node-resolve": "^10.0.0",
      "rollup": "^2.3.4",
      "rollup-plugin-css-only": "^3.0.0",
      "rollup-plugin-livereload": "^2.0.0",
      "rollup-plugin-svelte": "^7.0.0",
      "rollup-plugin-terser": "^7.0.0",
      "svelte": "^3.0.0"
    },
    "dependencies": {
      "sirv-cli": "^1.0.0"
    }
  }

yarn manifest: 
  No manifest

Lockfile: 
  No lockfile
